Timestamp (Start): Tue Dec 14 13:48:51 WAT 2021

~~~~~~~~~~~~~~~~~~~~~~~~~~~~~~~~~~
PRINT GENERAL SYSTEM INFORMATION
~~~~~~~~~~~~~~~~~~~~~~~~~~~~~~~~~~

GNU/Linux
Linux
#1 SMP Fri Apr 2 22:23:49 UTC 2021
5.10.16.3-microsoft-standard-WSL2
DESKTOP-TTG40QU
x86_64

~~~~~~~~~~~~~~~~~~~~~~~
RUNNING PROCESSES LIST
~~~~~~~~~~~~~~~~~~~~~~~

UID        PID  PPID  C STIME TTY          TIME CMD
root         1     0  0 Dec13 ?        00:00:00 /init
root       111     1  0 Dec13 ?        00:00:00 /init
root       112   111  0 Dec13 ?        00:00:00 /init
root       113   112  0 Dec13 pts/0    00:00:06 /mnt/wsl/docker-desktop/docker-desktop-proxy --distro-name Ubuntu --docker-desktop-root /mnt/wsl/docker-desktop
root       123   111  0 Dec13 ?        00:00:00 [init] <defunct>
root      1337     1  0 13:25 ?        00:00:00 /init
root      1338  1337  0 13:25 ?        00:00:00 /init
zim       1339  1338  0 13:25 pts/1    00:00:00 -bash
zim       1694  1339  0 13:48 pts/1    00:00:00 /bin/bash ./get_system_stats.sh
zim       1702  1694  0 13:48 pts/1    00:00:00 /bin/bash ./get_system_stats.sh
zim       1703  1702  0 13:48 pts/1    00:00:00 ps -ef
zim       1704  1702  0 13:48 pts/1    00:00:00 tail -n 50

~~~~~~~~~~~~~~~~~~~~`
TCP NETWORK STATUS
~~~~~~~~~~~~~~~~~~~~

~~~~~~~~~~~~~~~~~~~
SYSTEM PERFORMANCE
~~~~~~~~~~~~~~~~~~~

Linux 5.10.16.3-microsoft-standard-WSL2 (DESKTOP-TTG40QU) 	12/14/21 	_x86_64_	(8 CPU)

avg-cpu:  %user   %nice %system %iowait  %steal   %idle
           0.03    0.00    0.11    0.00    0.00   99.86

Device             tps    kB_read/s    kB_wrtn/s    kB_dscd/s    kB_read    kB_wrtn    kB_dscd
loop0             0.01         0.84         0.00         0.00      67822          0          0
loop1             0.03         2.34         0.00         0.00     189994          0          0
sda               0.10         0.00        51.78         0.00        225    4195476          0
sdb               0.01         0.64         0.00         0.00      51478        324         24
sdc               0.13         4.00         0.10         0.00     323829       7760        168
sdd               0.10         4.45         2.85         2.64     360505     230868     213656


